2026-02-11 00:35:25 - TokyoFestivalScraper - INFO - Fetching: https://ichiban-japan.com/festivals-tokyo-janvier-2025/
2026-02-11 00:35:27 - TokyoFestivalScraper - INFO - 22 festivals trouvés pour janvier 2025
2026-02-11 00:35:35 - TokyoExpositionScraper - INFO - Fetching: https://ichiban-japan.com/expositions-tokyo-janvier-2025/
2026-02-11 00:35:37 - TokyoExpositionScraper - INFO - 12 expositions trouvées pour janvier 2025
2026-02-11 00:36:06 - TokyoFestivalScraper - INFO - Fetching: https://ichiban-japan.com/festivals-tokyo-janvier-2025/
2026-02-11 00:36:06 - TokyoFestivalScraper - INFO - 22 festivals trouvés pour janvier 2025
2026-02-11 00:36:06 - TokyoFestivalScraper - INFO - Fetching: https://ichiban-japan.com/festivals-tokyo-fevrier-2025/
2026-02-11 00:36:08 - TokyoFestivalScraper - INFO - 25 festivals trouvés pour fevrier 2025
2026-02-11 00:36:08 - TokyoFestivalScraper - INFO - Fetching: https://ichiban-japan.com/festivals-tokyo-mars-2025/
2026-02-11 00:36:10 - TokyoFestivalScraper - INFO - 26 festivals trouvés pour mars 2025
2026-02-11 00:36:10 - TokyoFestivalScraper - INFO - Fetching: https://ichiban-japan.com/festivals-tokyo-juillet-2025/
2026-02-11 00:36:11 - TokyoFestivalScraper - INFO - 38 festivals trouvés pour juillet 2025
2026-02-11 00:36:11 - TokyoFestivalScraper - INFO - Fetching: https://ichiban-japan.com/festivals-tokyo-octobre-2025/
2026-02-11 00:36:12 - TokyoFestivalScraper - INFO - 51 festivals trouvés pour octobre 2025
2026-02-11 00:36:12 - TokyoFestivalScraper - INFO - Fetching: https://ichiban-japan.com/festivals-tokyo-decembre-2025/
2026-02-11 00:36:14 - TokyoFestivalScraper - INFO - 20 festivals trouvés pour decembre 2025
2026-02-11 00:36:14 - TokyoExpositionScraper - INFO - Fetching: https://ichiban-japan.com/expositions-tokyo-janvier-2025/
2026-02-11 00:36:14 - TokyoExpositionScraper - INFO - 12 expositions trouvées pour janvier 2025
2026-02-11 00:36:14 - TokyoExpositionScraper - INFO - Fetching: https://ichiban-japan.com/expositions-tokyo-fevrier-2025/
2026-02-11 00:36:15 - TokyoExpositionScraper - INFO - 17 expositions trouvées pour fevrier 2025
2026-02-11 00:36:15 - TokyoExpositionScraper - INFO - Fetching: https://ichiban-japan.com/expositions-tokyo-mars-2025/
2026-02-11 00:36:16 - TokyoExpositionScraper - INFO - 20 expositions trouvées pour mars 2025
2026-02-11 00:36:16 - TokyoExpositionScraper - INFO - Fetching: https://ichiban-japan.com/expositions-tokyo-avril-2025/
2026-02-11 00:36:17 - TokyoExpositionScraper - INFO - 20 expositions trouvées pour avril 2025
2026-02-11 00:36:17 - TokyoExpositionScraper - INFO - Fetching: https://ichiban-japan.com/expositions-tokyo-mai-2025/
2026-02-11 00:36:19 - TokyoExpositionScraper - INFO - 27 expositions trouvées pour mai 2025
2026-02-11 00:36:19 - TokyoExpositionScraper - INFO - Fetching: https://ichiban-japan.com/expositions-tokyo-aout-2025/
2026-02-11 00:36:20 - TokyoExpositionScraper - INFO - 28 expositions trouvées pour aout 2025
2026-02-11 00:36:20 - TokyoExpositionScraper - INFO - Fetching: https://ichiban-japan.com/expositions-tokyo-octobre-2025/
2026-02-11 00:36:22 - TokyoExpositionScraper - INFO - 24 expositions trouvées pour octobre 2025
2026-02-11 00:36:22 - TokyoExpositionScraper - INFO - Fetching: https://ichiban-japan.com/expositions-tokyo-decembre-2025/
2026-02-11 00:36:23 - TokyoExpositionScraper - INFO - 27 expositions trouvées pour decembre 2025
2026-02-11 00:37:54 - TokyoFestivalScraper - INFO - Fetching: https://ichiban-japan.com/festivals-tokyo-janvier-2025/
2026-02-11 00:37:54 - TokyoFestivalScraper - INFO - 22 festivals trouvés pour janvier 2025
2026-02-11 00:37:54 - TokyoFestivalScraper - INFO - Fetching: https://ichiban-japan.com/festivals-tokyo-fevrier-2025/
2026-02-11 00:37:54 - TokyoFestivalScraper - INFO - 25 festivals trouvés pour fevrier 2025
2026-02-11 00:37:54 - TokyoFestivalScraper - INFO - Fetching: https://ichiban-japan.com/festivals-tokyo-mars-2025/
2026-02-11 00:37:54 - TokyoFestivalScraper - INFO - 26 festivals trouvés pour mars 2025
2026-02-11 00:37:54 - TokyoFestivalScraper - INFO - Fetching: https://ichiban-japan.com/festivals-tokyo-juillet-2025/
2026-02-11 00:37:55 - TokyoFestivalScraper - INFO - 38 festivals trouvés pour juillet 2025
2026-02-11 00:37:55 - TokyoFestivalScraper - INFO - Fetching: https://ichiban-japan.com/festivals-tokyo-octobre-2025/
2026-02-11 00:37:55 - TokyoFestivalScraper - INFO - 51 festivals trouvés pour octobre 2025
2026-02-11 00:37:55 - TokyoFestivalScraper - INFO - Fetching: https://ichiban-japan.com/festivals-tokyo-decembre-2025/
2026-02-11 00:37:55 - TokyoFestivalScraper - INFO - 20 festivals trouvés pour decembre 2025
2026-02-11 00:38:45 - TokyoFestivalScraper - INFO - Fetching: https://ichiban-japan.com/festivals-tokyo-janvier-2025/
2026-02-11 00:38:45 - TokyoFestivalScraper - INFO - 22 festivals trouvés pour janvier 2025
2026-02-11 00:39:42 - TokyoFestivalScraper - INFO - Fetching: https://ichiban-japan.com/festivals-tokyo-janvier-2025/
2026-02-11 00:39:42 - TokyoFestivalScraper - INFO - 22 festivals trouvés pour janvier 2025
2026-02-11 00:39:49 - TokyoExpositionScraper - INFO - Fetching: https://ichiban-japan.com/expositions-tokyo-janvier-2025/
2026-02-11 00:39:49 - TokyoExpositionScraper - INFO - 12 expositions trouvées pour janvier 2025
2026-02-11 00:40:18 - TokyoExpositionScraper - INFO - Fetching: https://ichiban-japan.com/expositions-tokyo-janvier-2025/
2026-02-11 00:40:45 - TokyoExpositionScraper - INFO - Fetching: https://ichiban-japan.com/expositions-tokyo-janvier-2025/
2026-02-11 00:41:13 - TokyoExpositionScraper - INFO - Fetching: https://ichiban-japan.com/expositions-tokyo-janvier-2025/
2026-02-11 00:41:13 - TokyoExpositionScraper - INFO - 12 expositions trouvées pour janvier 2025
2026-02-11 00:42:03 - TokyoExpositionScraper - INFO - Fetching: https://ichiban-japan.com/expositions-tokyo-janvier-2025/
2026-02-11 00:42:03 - TokyoExpositionScraper - INFO - 12 expositions trouvées pour janvier 2025
2026-02-11 00:42:16 - TokyoExpositionScraper - INFO - Fetching: https://ichiban-japan.com/expositions-tokyo-janvier-2025/
